Using pre-set license
Built from '2022.3/staging' branch; Version is '2022.3.7f1 (b16b3b16c7a0) revision 11627323'; Using compiler version '192829333'; Build Type 'Release'
OS: 'Windows 11  (10.0.22621) 64bit Core' Language: 'en' Physical Memory: 15596 MB
BatchMode: 1, IsHumanControllingUs: 0, StartBugReporterOnCrash: 0, Is64bit: 1, IsPro: 1

COMMAND LINE ARGUMENTS:
C:\Program Files\Unity 2022.3.7f1\Editor\Unity.exe
-adb2
-batchMode
-noUpm
-name
AssetImportWorker4
-projectPath
C:/UnityProjects/436Game
-logFile
Logs/AssetImportWorker4.log
-srvPort
56046
Successfully changed project path to: C:/UnityProjects/436Game
C:/UnityProjects/436Game
[UnityMemory] Configuration Parameters - Can be set up in boot.config
    "memorysetup-bucket-allocator-granularity=16"
    "memorysetup-bucket-allocator-bucket-count=8"
    "memorysetup-bucket-allocator-block-size=33554432"
    "memorysetup-bucket-allocator-block-count=8"
    "memorysetup-main-allocator-block-size=16777216"
    "memorysetup-thread-allocator-block-size=16777216"
    "memorysetup-gfx-main-allocator-block-size=16777216"
    "memorysetup-gfx-thread-allocator-block-size=16777216"
    "memorysetup-cache-allocator-block-size=4194304"
    "memorysetup-typetree-allocator-block-size=2097152"
    "memorysetup-profiler-bucket-allocator-granularity=16"
    "memorysetup-profiler-bucket-allocator-bucket-count=8"
    "memorysetup-profiler-bucket-allocator-block-size=33554432"
    "memorysetup-profiler-bucket-allocator-block-count=8"
    "memorysetup-profiler-allocator-block-size=16777216"
    "memorysetup-profiler-editor-allocator-block-size=1048576"
    "memorysetup-temp-allocator-size-main=16777216"
    "memorysetup-job-temp-allocator-block-size=2097152"
    "memorysetup-job-temp-allocator-block-size-background=1048576"
    "memorysetup-job-temp-allocator-reduction-small-platforms=262144"
    "memorysetup-allocator-temp-initial-block-size-main=262144"
    "memorysetup-allocator-temp-initial-block-size-worker=262144"
    "memorysetup-temp-allocator-size-background-worker=32768"
    "memorysetup-temp-allocator-size-job-worker=262144"
    "memorysetup-temp-allocator-size-preload-manager=33554432"
    "memorysetup-temp-allocator-size-nav-mesh-worker=65536"
    "memorysetup-temp-allocator-size-audio-worker=65536"
    "memorysetup-temp-allocator-size-cloud-worker=32768"
    "memorysetup-temp-allocator-size-gi-baking-worker=262144"
    "memorysetup-temp-allocator-size-gfx=262144"
Player connection [44424] Host "[IP] 192.168.0.41 [Port] 0 [Flags] 2 [Guid] 2984196759 [EditorId] 2984196759 [Version] 1048832 [Id] WindowsEditor(7,Paolaptop) [Debug] 1 [PackageName] WindowsEditor [ProjectName] Editor" joined multi-casting on [225.0.0.222:54997]...

Player connection [44424] Host "[IP] 192.168.0.41 [Port] 0 [Flags] 2 [Guid] 2984196759 [EditorId] 2984196759 [Version] 1048832 [Id] WindowsEditor(7,Paolaptop) [Debug] 1 [PackageName] WindowsEditor [ProjectName] Editor" joined alternative multi-casting on [225.0.0.222:34997]...

Refreshing native plugins compatible for Editor in 8.13 ms, found 3 plugins.
Preloading 0 native plugins for Editor in 0.00 ms.
Initialize engine version: 2022.3.7f1 (b16b3b16c7a0)
[Subsystems] Discovering subsystems at path C:/Program Files/Unity 2022.3.7f1/Editor/Data/Resources/UnitySubsystems
[Subsystems] Discovering subsystems at path C:/UnityProjects/436Game/Assets
GfxDevice: creating device client; threaded=0; jobified=0
Direct3D:
    Version:  Direct3D 11.0 [level 11.1]
    Renderer: AMD Radeon RX 6700S (ID=0x73ef)
    Vendor:   ATI
    VRAM:     8146 MB
    Driver:   31.0.12024.2005
Initialize mono
Mono path[0] = 'C:/Program Files/Unity 2022.3.7f1/Editor/Data/Managed'
Mono path[1] = 'C:/Program Files/Unity 2022.3.7f1/Editor/Data/MonoBleedingEdge/lib/mono/unityjit-win32'
Mono config path = 'C:/Program Files/Unity 2022.3.7f1/Editor/Data/MonoBleedingEdge/etc'
Using monoOptions --debugger-agent=transport=dt_socket,embedding=1,server=y,suspend=n,address=127.0.0.1:56752
Begin MonoManager ReloadAssembly
Registering precompiled unity dll's ...
Register platform support module: C:/Program Files/Unity 2022.3.7f1/Editor/Data/PlaybackEngines/WindowsStandaloneSupport/UnityEditor.WindowsStandalone.Extensions.dll
Registered in 0.004799 seconds.
- Loaded All Assemblies, in  0.296 seconds
Native extension for WindowsStandalone target not found
Mono: successfully reloaded assembly
- Finished resetting the current domain, in  0.210 seconds
Domain Reload Profiling: 504ms
	BeginReloadAssembly (95ms)
		ExecutionOrderSort (0ms)
		DisableScriptedObjects (0ms)
		BackupInstance (0ms)
		ReleaseScriptingObjects (0ms)
		CreateAndSetChildDomain (1ms)
	RebuildCommonClasses (33ms)
	RebuildNativeTypeToScriptingClass (8ms)
	initialDomainReloadingComplete (46ms)
	LoadAllAssembliesAndSetupDomain (112ms)
		LoadAssemblies (93ms)
		RebuildTransferFunctionScriptingTraits (0ms)
		AnalyzeDomain (110ms)
			TypeCache.Refresh (109ms)
				TypeCache.ScanAssembly (99ms)
			ScanForSourceGeneratedMonoScriptInfo (0ms)
			ResolveRequiredComponents (0ms)
	FinalizeReload (210ms)
		ReleaseScriptCaches (0ms)
		RebuildScriptCaches (0ms)
		SetupLoadedEditorAssemblies (161ms)
			LogAssemblyErrors (0ms)
			InitializePlatformSupportModulesInManaged (8ms)
			SetLoadedEditorAssemblies (7ms)
			RefreshPlugins (0ms)
			BeforeProcessingInitializeOnLoad (2ms)
			ProcessInitializeOnLoadAttributes (106ms)
			ProcessInitializeOnLoadMethodAttributes (39ms)
			AfterProcessingInitializeOnLoad (0ms)
			EditorAssembliesLoaded (0ms)
		ExecutionOrderSort2 (0ms)
		AwakeInstancesAfterBackupRestoration (0ms)
========================================================================
Worker process is ready to serve import requests
Begin MonoManager ReloadAssembly
- Loaded All Assemblies, in  0.463 seconds
Refreshing native plugins compatible for Editor in 3.51 ms, found 3 plugins.
Native extension for WindowsStandalone target not found
Mono: successfully reloaded assembly
- Finished resetting the current domain, in  0.510 seconds
Domain Reload Profiling: 970ms
	BeginReloadAssembly (118ms)
		ExecutionOrderSort (0ms)
		DisableScriptedObjects (4ms)
		BackupInstance (0ms)
		ReleaseScriptingObjects (0ms)
		CreateAndSetChildDomain (19ms)
	RebuildCommonClasses (25ms)
	RebuildNativeTypeToScriptingClass (8ms)
	initialDomainReloadingComplete (33ms)
	LoadAllAssembliesAndSetupDomain (277ms)
		LoadAssemblies (245ms)
		RebuildTransferFunctionScriptingTraits (0ms)
		AnalyzeDomain (98ms)
			TypeCache.Refresh (81ms)
				TypeCache.ScanAssembly (71ms)
			ScanForSourceGeneratedMonoScriptInfo (14ms)
			ResolveRequiredComponents (3ms)
	FinalizeReload (510ms)
		ReleaseScriptCaches (0ms)
		RebuildScriptCaches (0ms)
		SetupLoadedEditorAssemblies (383ms)
			LogAssemblyErrors (0ms)
			InitializePlatformSupportModulesInManaged (6ms)
			SetLoadedEditorAssemblies (5ms)
			RefreshPlugins (0ms)
			BeforeProcessingInitializeOnLoad (73ms)
			ProcessInitializeOnLoadAttributes (266ms)
			ProcessInitializeOnLoadMethodAttributes (28ms)
			AfterProcessingInitializeOnLoad (6ms)
			EditorAssembliesLoaded (0ms)
		ExecutionOrderSort2 (0ms)
		AwakeInstancesAfterBackupRestoration (5ms)
Launched and connected shader compiler UnityShaderCompiler.exe after 0.07 seconds
Refreshing native plugins compatible for Editor in 3.66 ms, found 3 plugins.
Preloading 0 native plugins for Editor in 0.00 ms.
Unloading 2848 Unused Serialized files (Serialized files now loaded: 0)
Unloading 66 unused Assets / (196.6 KB). Loaded Objects now: 3313.
Memory consumption went from 116.6 MB to 116.4 MB.
Total: 3.277700 ms (FindLiveObjects: 0.207700 ms CreateObjectMapping: 0.146700 ms MarkObjects: 2.734100 ms  DeleteObjects: 0.188200 ms)

AssetImportParameters requested are different than current active one (requested -> active):
  custom:video-decoder-webm-vp8: 9c59270c3fd7afecdb556c50c9e8de78 -> 
  custom:scripting/monoscript/fileName/InventoryManager.cs: a0a6660c0d681c130a6b50f78367ca45 -> 
  custom:scripting/monoscript/fileName/InventoryItemUI.cs: e2b5a970464ec45dfce890f6e94f3f37 -> 
  custom:SearchIndexIgnoredProperties: e643bd26f0fe6173181afceb89e7c659 -> 
  custom:container-demuxer-ogg: 62fdf1f143b41e24485cea50d1cbac27 -> 
  custom:AudioImporter_EditorPlatform: d09bf68614088b80899f8185d706f6e7 -> 
  custom:scripting/monoscript/fileName/CameraDrag.cs: d9651dfedfb8c1417efa641c2211342c -> 
  custom:scripting/monoscript/fileName/SetWorldBounds.cs: 9aac2b4447e23de26058fd8e02e55714 -> 
  custom:video-codec-MediaFoundation-h265: 746d11721c4dcdbdad8f713fa42b33f4 -> 
  custom:scripting/monoscript/fileName/InventorySO.cs: 6916c6eec7671abc228837b1edf4e19f -> 
  custom:video-decoder-ogg-theora: a1e56fd34408186e4bbccfd4996cb3dc -> 
  custom:scripting/monoscript/fileName/InventoryPageUI.cs: 55239e2700ac08b80d385d6e078aab75 -> 
  custom:framework-win-MediaFoundation: 216162199b28c13a410421893ffa2e32 -> 
  custom:scripting/monoscript/fileName/ItemPickUp.cs: cc71807d7bc734ed7e1c89de255f1115 -> 
  custom:scripting/monoscript/fileName/CharacterHealthStatSO.cs: 416970291f8c4be39b8476dc05177728 -> 
  custom:scripting/monoscript/fileName/InventoryUIController.cs: e40abdfdc505c753d4addf4afdba3b18 -> 
  custom:scripting/monoscript/fileName/EquipableItemSO.cs: 010fd4f9e5e45236698708a240b2cfd7 -> 
  custom:video-encoder-webm-vp8: eb34c28f22e8b96e1ab97ce403110664 -> 
  custom:audio-decoder-ogg-vorbis: bf7c407c2cedff20999df2af8eb42d56 -> 
  custom:scripting/monoscript/fileName/PlayerController.cs: d93a52a180fbbe603a59e9aa6da73c83 -> 
  custom:scripting/monoscript/fileName/InvenItem.cs: deb9a75bf4c3da5315f6ff12cfb12694 -> 
  custom:scripting/monoscript/fileName/ConsumeableItemSO.cs: acff8f2f0199a36d381e6bad63fa426d -> 
  custom:scripting/monoscript/fileName/InvenotrySlot.cs: 4556c2e8d7d34251fef4fe1e17b13208 -> 
  custom:scripting/monoscript/fileName/HealthBarController.cs: bd5ad6f1c40864959899f9ecbd04c24b -> 
  custom:scripting/monoscript/fileName/MouseFollower.cs: ec8f11c72323d35415465bb88449c0b8 -> 
  custom:scripting/monoscript/fileName/HealthBar.cs: e02a13ebfecfefd70171c0594cf22391 -> 
  custom:CustomObjectIndexerAttribute: 756ad292c208cfabdd7b50bc23989ffe -> 
  custom:scripting/monoscript/fileName/Globals.cs: e283a9e9be4c1fcea20a3661b4a276e3 -> 
  custom:scripting/monoscript/fileName/PickUpSystem.cs: de3db1e4c3c962e8a720a6a97d8bf8e6 -> 
  custom:scripting/monoscript/fileName/CharacterStats.cs: 9299b8cf2c58e3b8cf691273d1e4a5ca -> 
  custom:container-demuxer-webm: 4f35f7cbe854078d1ac9338744f61a02 -> 
  custom:scripting/monoscript/fileName/HealthSystem.cs: febf08ca2ad5bf5896f65f1180c0ea8d -> 
  custom:audio-encoder-webm-vorbis: bf7c407c2cedff20999df2af8eb42d56 -> 
  custom:scripting/monoscript/fileName/ItemSO.cs: a8d40e0b3a5485ee054ef9bf5e80b20c -> 
  custom:scripting/monoscript/fileName/Damage area.cs: b25e9d8aee9c701b366b39d7831e443c -> 
  custom:scripting/monoscript/fileName/InventoryItemDescriptionUI.cs: 2fc43bd26be67468a798bcac8b14dbe8 -> 
  custom:scripting/monoscript/fileName/CharcterStatModifierSO.cs: 1388a6ba54deb995139830ab67a0fab8 -> 
  custom:scripting/monoscript/fileName/ItemParameterSO.cs: 72be29442eba86a62caf620b1d0ffa6d -> 
  custom:container-muxer-webm: aa71ff27fc2769a1b78a27578f13a17b -> 
========================================================================
Received Prepare
Begin MonoManager ReloadAssembly
- Loaded All Assemblies, in  0.442 seconds
Refreshing native plugins compatible for Editor in 4.62 ms, found 3 plugins.
Native extension for WindowsStandalone target not found
Mono: successfully reloaded assembly
- Finished resetting the current domain, in  1.050 seconds
Domain Reload Profiling: 1488ms
	BeginReloadAssembly (149ms)
		ExecutionOrderSort (0ms)
		DisableScriptedObjects (11ms)
		BackupInstance (0ms)
		ReleaseScriptingObjects (0ms)
		CreateAndSetChildDomain (38ms)
	RebuildCommonClasses (25ms)
	RebuildNativeTypeToScriptingClass (11ms)
	initialDomainReloadingComplete (29ms)
	LoadAllAssembliesAndSetupDomain (223ms)
		LoadAssemblies (286ms)
		RebuildTransferFunctionScriptingTraits (0ms)
		AnalyzeDomain (9ms)
			TypeCache.Refresh (5ms)
				TypeCache.ScanAssembly (0ms)
			ScanForSourceGeneratedMonoScriptInfo (0ms)
			ResolveRequiredComponents (3ms)
	FinalizeReload (1050ms)
		ReleaseScriptCaches (0ms)
		RebuildScriptCaches (0ms)
		SetupLoadedEditorAssemblies (550ms)
			LogAssemblyErrors (0ms)
			InitializePlatformSupportModulesInManaged (7ms)
			SetLoadedEditorAssemblies (6ms)
			RefreshPlugins (0ms)
			BeforeProcessingInitializeOnLoad (107ms)
			ProcessInitializeOnLoadAttributes (382ms)
			ProcessInitializeOnLoadMethodAttributes (38ms)
			AfterProcessingInitializeOnLoad (9ms)
			EditorAssembliesLoaded (0ms)
		ExecutionOrderSort2 (0ms)
		AwakeInstancesAfterBackupRestoration (14ms)
Refreshing native plugins compatible for Editor in 5.02 ms, found 3 plugins.
Preloading 0 native plugins for Editor in 0.00 ms.
Unloading 2829 Unused Serialized files (Serialized files now loaded: 0)
Unloading 35 unused Assets / (168.8 KB). Loaded Objects now: 3318.
Memory consumption went from 111.2 MB to 111.0 MB.
Total: 6.622100 ms (FindLiveObjects: 0.317500 ms CreateObjectMapping: 0.306600 ms MarkObjects: 5.734900 ms  DeleteObjects: 0.261600 ms)

Prepare: number of updated asset objects reloaded= 0
AssetImportParameters requested are different than current active one (requested -> active):
  custom:video-decoder-webm-vp8: 9c59270c3fd7afecdb556c50c9e8de78 -> 
  custom:scripting/monoscript/fileName/InventoryManager.cs: a0a6660c0d681c130a6b50f78367ca45 -> 
  custom:scripting/monoscript/fileName/InventoryItemUI.cs: e2b5a970464ec45dfce890f6e94f3f37 -> 
  custom:SearchIndexIgnoredProperties: e643bd26f0fe6173181afceb89e7c659 -> 
  custom:container-demuxer-ogg: 62fdf1f143b41e24485cea50d1cbac27 -> 
  custom:AudioImporter_EditorPlatform: d09bf68614088b80899f8185d706f6e7 -> 
  custom:scripting/monoscript/fileName/CameraDrag.cs: d9651dfedfb8c1417efa641c2211342c -> 
  custom:scripting/monoscript/fileName/SetWorldBounds.cs: 9aac2b4447e23de26058fd8e02e55714 -> 
  custom:video-codec-MediaFoundation-h265: 746d11721c4dcdbdad8f713fa42b33f4 -> 
  custom:scripting/monoscript/fileName/InventorySO.cs: 6916c6eec7671abc228837b1edf4e19f -> 
  custom:video-decoder-ogg-theora: a1e56fd34408186e4bbccfd4996cb3dc -> 
  custom:scripting/monoscript/fileName/InventoryPageUI.cs: 55239e2700ac08b80d385d6e078aab75 -> 
  custom:framework-win-MediaFoundation: 216162199b28c13a410421893ffa2e32 -> 
  custom:scripting/monoscript/fileName/ItemPickUp.cs: cc71807d7bc734ed7e1c89de255f1115 -> 
  custom:scripting/monoscript/fileName/CharacterHealthStatSO.cs: 416970291f8c4be39b8476dc05177728 -> 
  custom:scripting/monoscript/fileName/InventoryUIController.cs: e40abdfdc505c753d4addf4afdba3b18 -> 
  custom:scripting/monoscript/fileName/EquipableItemSO.cs: 010fd4f9e5e45236698708a240b2cfd7 -> 
  custom:video-encoder-webm-vp8: eb34c28f22e8b96e1ab97ce403110664 -> 
  custom:audio-decoder-ogg-vorbis: bf7c407c2cedff20999df2af8eb42d56 -> 
  custom:scripting/monoscript/fileName/PlayerController.cs: d93a52a180fbbe603a59e9aa6da73c83 -> 
  custom:scripting/monoscript/fileName/InvenItem.cs: deb9a75bf4c3da5315f6ff12cfb12694 -> 
  custom:scripting/monoscript/fileName/ConsumeableItemSO.cs: acff8f2f0199a36d381e6bad63fa426d -> 
  custom:scripting/monoscript/fileName/InvenotrySlot.cs: 4556c2e8d7d34251fef4fe1e17b13208 -> 
  custom:scripting/monoscript/fileName/HealthBarController.cs: bd5ad6f1c40864959899f9ecbd04c24b -> 
  custom:scripting/monoscript/fileName/MouseFollower.cs: ec8f11c72323d35415465bb88449c0b8 -> 
  custom:scripting/monoscript/fileName/HealthBar.cs: e02a13ebfecfefd70171c0594cf22391 -> 
  custom:CustomObjectIndexerAttribute: 756ad292c208cfabdd7b50bc23989ffe -> 
  custom:scripting/monoscript/fileName/Globals.cs: e283a9e9be4c1fcea20a3661b4a276e3 -> 
  custom:scripting/monoscript/fileName/PickUpSystem.cs: de3db1e4c3c962e8a720a6a97d8bf8e6 -> 
  custom:scripting/monoscript/fileName/CharacterStats.cs: 9299b8cf2c58e3b8cf691273d1e4a5ca -> 
  custom:container-demuxer-webm: 4f35f7cbe854078d1ac9338744f61a02 -> 
  custom:scripting/monoscript/fileName/HealthSystem.cs: febf08ca2ad5bf5896f65f1180c0ea8d -> 
  custom:audio-encoder-webm-vorbis: bf7c407c2cedff20999df2af8eb42d56 -> 
  custom:scripting/monoscript/fileName/ItemSO.cs: a8d40e0b3a5485ee054ef9bf5e80b20c -> 
  custom:scripting/monoscript/fileName/Damage area.cs: b25e9d8aee9c701b366b39d7831e443c -> 
  custom:scripting/monoscript/fileName/InventoryItemDescriptionUI.cs: 2fc43bd26be67468a798bcac8b14dbe8 -> 
  custom:scripting/monoscript/fileName/CharcterStatModifierSO.cs: 1388a6ba54deb995139830ab67a0fab8 -> 
  custom:scripting/monoscript/fileName/ItemParameterSO.cs: 72be29442eba86a62caf620b1d0ffa6d -> 
  custom:container-muxer-webm: aa71ff27fc2769a1b78a27578f13a17b -> 
========================================================================
Received Import Request.
  Time since last request: 91099.983325 seconds.
  path: Assets/Art/Graphics/Platform tile pack
  artifactKey: Guid(83f4dd905ac473040be84c0951296640) Importer(815301076,1909f56bfc062723c751e8b465ee728b)
Start importing Assets/Art/Graphics/Platform tile pack using Guid(83f4dd905ac473040be84c0951296640) Importer(815301076,1909f56bfc062723c751e8b465ee728b)  -> (artifact id: '74afc43378b7e3debe0f5ad3e992ff8a') in 0.003742 seconds
Number of updated asset objects reloaded before import = 0
Number of asset objects unloaded after import = 0
========================================================================
Received Import Request.
  Time since last request: 4.711491 seconds.
  path: Assets/Art/TileMap
  artifactKey: Guid(040288180e120854384dadeeb8d26723) Importer(815301076,1909f56bfc062723c751e8b465ee728b)
Start importing Assets/Art/TileMap using Guid(040288180e120854384dadeeb8d26723) Importer(815301076,1909f56bfc062723c751e8b465ee728b)  -> (artifact id: '3086383f15b51d945ea48d35548f456a') in 0.000484 seconds
Number of updated asset objects reloaded before import = 0
Number of asset objects unloaded after import = 0
========================================================================
Received Prepare
Begin MonoManager ReloadAssembly
- Loaded All Assemblies, in  0.424 seconds
Refreshing native plugins compatible for Editor in 3.80 ms, found 3 plugins.
Native extension for WindowsStandalone target not found
Mono: successfully reloaded assembly
- Finished resetting the current domain, in  0.903 seconds
Domain Reload Profiling: 1324ms
	BeginReloadAssembly (144ms)
		ExecutionOrderSort (0ms)
		DisableScriptedObjects (11ms)
		BackupInstance (0ms)
		ReleaseScriptingObjects (0ms)
		CreateAndSetChildDomain (36ms)
	RebuildCommonClasses (28ms)
	RebuildNativeTypeToScriptingClass (9ms)
	initialDomainReloadingComplete (27ms)
	LoadAllAssembliesAndSetupDomain (213ms)
		LoadAssemblies (270ms)
		RebuildTransferFunctionScriptingTraits (0ms)
		AnalyzeDomain (11ms)
			TypeCache.Refresh (5ms)
				TypeCache.ScanAssembly (0ms)
			ScanForSourceGeneratedMonoScriptInfo (0ms)
			ResolveRequiredComponents (5ms)
	FinalizeReload (903ms)
		ReleaseScriptCaches (0ms)
		RebuildScriptCaches (0ms)
		SetupLoadedEditorAssemblies (415ms)
			LogAssemblyErrors (0ms)
			InitializePlatformSupportModulesInManaged (7ms)
			SetLoadedEditorAssemblies (7ms)
			RefreshPlugins (0ms)
			BeforeProcessingInitializeOnLoad (89ms)
			ProcessInitializeOnLoadAttributes (274ms)
			ProcessInitializeOnLoadMethodAttributes (30ms)
			AfterProcessingInitializeOnLoad (7ms)
			EditorAssembliesLoaded (0ms)
		ExecutionOrderSort2 (0ms)
		AwakeInstancesAfterBackupRestoration (13ms)
Refreshing native plugins compatible for Editor in 5.21 ms, found 3 plugins.
Preloading 0 native plugins for Editor in 0.00 ms.
Unloading 2828 Unused Serialized files (Serialized files now loaded: 0)
Unloading 35 unused Assets / (168.8 KB). Loaded Objects now: 3322.
Memory consumption went from 109.6 MB to 109.4 MB.
Total: 3.619400 ms (FindLiveObjects: 0.281700 ms CreateObjectMapping: 0.184700 ms MarkObjects: 2.975600 ms  DeleteObjects: 0.176400 ms)

Prepare: number of updated asset objects reloaded= 0
AssetImportParameters requested are different than current active one (requested -> active):
  custom:video-decoder-webm-vp8: 9c59270c3fd7afecdb556c50c9e8de78 -> 
  custom:scripting/monoscript/fileName/InventoryManager.cs: a0a6660c0d681c130a6b50f78367ca45 -> 
  custom:scripting/monoscript/fileName/InventoryItemUI.cs: e2b5a970464ec45dfce890f6e94f3f37 -> 
  custom:SearchIndexIgnoredProperties: e643bd26f0fe6173181afceb89e7c659 -> 
  custom:container-demuxer-ogg: 62fdf1f143b41e24485cea50d1cbac27 -> 
  custom:AudioImporter_EditorPlatform: d09bf68614088b80899f8185d706f6e7 -> 
  custom:scripting/monoscript/fileName/CameraDrag.cs: d9651dfedfb8c1417efa641c2211342c -> 
  custom:scripting/monoscript/fileName/SetWorldBounds.cs: 9aac2b4447e23de26058fd8e02e55714 -> 
  custom:video-codec-MediaFoundation-h265: 746d11721c4dcdbdad8f713fa42b33f4 -> 
  custom:scripting/monoscript/fileName/InventorySO.cs: 6916c6eec7671abc228837b1edf4e19f -> 
  custom:video-decoder-ogg-theora: a1e56fd34408186e4bbccfd4996cb3dc -> 
  custom:scripting/monoscript/fileName/InventoryPageUI.cs: 55239e2700ac08b80d385d6e078aab75 -> 
  custom:framework-win-MediaFoundation: 216162199b28c13a410421893ffa2e32 -> 
  custom:scripting/monoscript/fileName/ItemPickUp.cs: cc71807d7bc734ed7e1c89de255f1115 -> 
  custom:scripting/monoscript/fileName/CharacterHealthStatSO.cs: 416970291f8c4be39b8476dc05177728 -> 
  custom:scripting/monoscript/fileName/InventoryUIController.cs: e40abdfdc505c753d4addf4afdba3b18 -> 
  custom:scripting/monoscript/fileName/EquipableItemSO.cs: 010fd4f9e5e45236698708a240b2cfd7 -> 
  custom:video-encoder-webm-vp8: eb34c28f22e8b96e1ab97ce403110664 -> 
  custom:audio-decoder-ogg-vorbis: bf7c407c2cedff20999df2af8eb42d56 -> 
  custom:scripting/monoscript/fileName/PlayerController.cs: d93a52a180fbbe603a59e9aa6da73c83 -> 
  custom:scripting/monoscript/fileName/InvenItem.cs: deb9a75bf4c3da5315f6ff12cfb12694 -> 
  custom:scripting/monoscript/fileName/ConsumeableItemSO.cs: acff8f2f0199a36d381e6bad63fa426d -> 
  custom:scripting/monoscript/fileName/InvenotrySlot.cs: 4556c2e8d7d34251fef4fe1e17b13208 -> 
  custom:scripting/monoscript/fileName/HealthBarController.cs: bd5ad6f1c40864959899f9ecbd04c24b -> 
  custom:scripting/monoscript/fileName/MouseFollower.cs: ec8f11c72323d35415465bb88449c0b8 -> 
  custom:scripting/monoscript/fileName/HealthBar.cs: e02a13ebfecfefd70171c0594cf22391 -> 
  custom:CustomObjectIndexerAttribute: 756ad292c208cfabdd7b50bc23989ffe -> 
  custom:scripting/monoscript/fileName/Globals.cs: e283a9e9be4c1fcea20a3661b4a276e3 -> 
  custom:scripting/monoscript/fileName/PickUpSystem.cs: de3db1e4c3c962e8a720a6a97d8bf8e6 -> 
  custom:scripting/monoscript/fileName/CharacterStats.cs: 9299b8cf2c58e3b8cf691273d1e4a5ca -> 
  custom:container-demuxer-webm: 4f35f7cbe854078d1ac9338744f61a02 -> 
  custom:scripting/monoscript/fileName/HealthSystem.cs: febf08ca2ad5bf5896f65f1180c0ea8d -> 
  custom:audio-encoder-webm-vorbis: bf7c407c2cedff20999df2af8eb42d56 -> 
  custom:scripting/monoscript/fileName/ItemSO.cs: a8d40e0b3a5485ee054ef9bf5e80b20c -> 
  custom:scripting/monoscript/fileName/Damage area.cs: b25e9d8aee9c701b366b39d7831e443c -> 
  custom:scripting/monoscript/fileName/InventoryItemDescriptionUI.cs: 2fc43bd26be67468a798bcac8b14dbe8 -> 
  custom:scripting/monoscript/fileName/CharcterStatModifierSO.cs: 1388a6ba54deb995139830ab67a0fab8 -> 
  custom:scripting/monoscript/fileName/ItemParameterSO.cs: 72be29442eba86a62caf620b1d0ffa6d -> 
  custom:container-muxer-webm: aa71ff27fc2769a1b78a27578f13a17b -> 
